#
# There is insufficient memory for the Java Runtime Environment to continue.
# Native memory allocation (mmap) failed to map 266338304 bytes for G1 virtual space
# Possible reasons:
#   The system is out of physical RAM or swap space
#   The process is running with CompressedOops enabled, and the Java Heap may be blocking the growth of the native heap
# Possible solutions:
#   Reduce memory load on the system
#   Increase physical memory or swap space
#   Check if swap backing store is full
#   Decrease Java heap size (-Xmx/-Xms)
#   Decrease number of Java threads
#   Decrease Java thread stack sizes (-Xss)
#   Set larger code cache with -XX:ReservedCodeCacheSize=
#   JVM is running with Zero Based Compressed Oops mode in which the Java heap is
#     placed in the first 32GB address space. The Java Heap base address is the
#     maximum limit for the native heap growth. Please use -XX:HeapBaseMinAddress
#     to set the Java Heap base and to place the Java Heap above 32GB virtual address.
# This output file may be truncated or incomplete.
#
#  Out of Memory Error (os_windows.cpp:3528), pid=29984, tid=37564
#
# JRE version:  (20.0.1+9) (build )
# Java VM: Java HotSpot(TM) 64-Bit Server VM (20.0.1+9-29, mixed mode, sharing, tiered, compressed oops, compressed class ptrs, g1 gc, windows-amd64)
# No core dump will be written. Minidumps are not enabled by default on client versions of Windows
#

---------------  S U M M A R Y ------------

Command Line: -Dlog4j2.formatMsgNoLookups=true -Dfile.encoding=UTF-8 -Dstdout.encoding=UTF-8 -Dstderr.encoding=UTF-8 -XX:+ShowCodeDetailsInExceptionMessages test.Modularcode

Host: Intel(R) Core(TM) i5-10310U CPU @ 1.70GHz, 8 cores, 15G,  Windows 10 , 64 bit Build 19041 (10.0.19041.3570)
Time: Sat Nov 18 12:09:02 2023 India Standard Time elapsed time: 0.033238 seconds (0d 0h 0m 0s)

---------------  T H R E A D  ---------------

Current thread (0x000001b717656ea0):  JavaThread "Unknown thread" [_thread_in_vm, id=37564, stack(0x000000a5de500000,0x000000a5de600000)]

Stack: [0x000000a5de500000,0x000000a5de600000]
Native frames: (J=compiled Java code, j=interpreted, Vv=VM code, C=native code)
V  [jvm.dll+0x6bb95a]
V  [jvm.dll+0x8485fa]
V  [jvm.dll+0x84a1f5]
V  [jvm.dll+0x84a8f3]
V  [jvm.dll+0x280b0f]
V  [jvm.dll+0x6b86e9]
V  [jvm.dll+0x6ad2da]
V  [jvm.dll+0x35adf5]
V  [jvm.dll+0x363016]
V  [jvm.dll+0x3b3b3e]
V  [jvm.dll+0x3b3dc5]
V  [jvm.dll+0x32b50a]
V  [jvm.dll+0x32c32b]
V  [jvm.dll+0x8112bf]
V  [jvm.dll+0x3c0d91]
V  [jvm.dll+0x7fcfe3]
V  [jvm.dll+0x44c76f]
V  [jvm.dll+0x44e0e1]
C  [jli.dll+0x5287]
C  [ucrtbase.dll+0x21bb2]
C  [KERNEL32.DLL+0x17344]
C  [ntdll.dll+0x526b1]


---------------  P R O C E S S  ---------------

Threads class SMR info:
_java_thread_list=0x00007ffb843fa098, length=0, elements={
}

Java Threads: ( => current thread )

Other Threads:
  0x000001b7176c5db0 WorkerThread "GC Thread#0" [stack: 0x000000a5de600000,0x000000a5de700000] [id=11872]
  0x000001b7176d69c0 ConcurrentGCThread "G1 Main Marker" [stack: 0x000000a5de700000,0x000000a5de800000] [id=40148]
  0x000001b7176d7d30 WorkerThread "G1 Conc#0" [stack: 0x000000a5de800000,0x000000a5de900000] [id=30752]

[error occurred during error reporting (printing all threads), id 0xc0000005, EXCEPTION_ACCESS_VIOLATION (0xc0000005) at pc=0x00007ffb83bdeb47]
VM state: not at safepoint (not fully initialized)

VM Mutex/Monitor currently owned by a thread:  ([mutex/lock_event])
[0x000001b7176524c0] Heap_lock - owner thread: 0x000001b717656ea0

Heap address: 0x0000000703800000, size: 4040 MB, Compressed Oops mode: Zero based, Oop shift amount: 3

CDS archive(s) mapped at: [0x0000000000000000-0x0000000000000000-0x0000000000000000), size 0, SharedBaseAddress: 0x0000000800000000, ArchiveRelocationMode: 0.
Narrow klass base: 0x0000000000000000, Narrow klass shift: 0, Narrow klass range: 0x0

GC Precious Log:
 CardTable entry size: 512
 Card Set container configuration: InlinePtr #cards 4 size 8 Array Of Cards #cards 16 size 48 Howl #buckets 8 coarsen threshold 3686 Howl Bitmap #cards 512 size 80 coarsen threshold 460 Card regions per heap region 1 cards per card region 4096

Heap:
 garbage-first heap   total 0K, used 0K [0x0000000703800000, 0x0000000800000000)
  region size 2048K, 0 young (0K), 0 survivors (0K)

[error occurred during error reporting (printing heap information), id 0xc0000005, EXCEPTION_ACCESS_VIOLATION (0xc0000005) at pc=0x00007ffb83fb3c59]
GC Heap History (0 events):
No events

Dll operation events (1 events):
Event: 0.022 Loaded shared library C:\Program Files\Java\jdk-20\bin\java.dll

Deoptimization events (0 events):
No events

Classes loaded (0 events):
No events

Classes unloaded (0 events):
No events

Classes redefined (0 events):
No events

Internal exceptions (0 events):
No events

VM Operations (0 events):
No events

Events (0 events):
No events


Dynamic libraries:
0x00007ff64efe0000 - 0x00007ff64eff0000 	C:\Program Files\Java\jdk-20\bin\javaw.exe
0x00007ffc14a50000 - 0x00007ffc14c47000 	C:\WINDOWS\SYSTEM32\ntdll.dll
0x00007ffc14020000 - 0x00007ffc140dd000 	C:\WINDOWS\System32\KERNEL32.DLL
0x00007ffc12330000 - 0x00007ffc12626000 	C:\WINDOWS\System32\KERNELBASE.dll
0x00007ffc12760000 - 0x00007ffc12860000 	C:\WINDOWS\System32\ucrtbase.dll
0x00007ffc0a280000 - 0x00007ffc0a299000 	C:\Program Files\Java\jdk-20\bin\jli.dll
0x00007ffc0a340000 - 0x00007ffc0a35b000 	C:\Program Files\Java\jdk-20\bin\VCRUNTIME140.dll
0x00007ffc13060000 - 0x00007ffc1310e000 	C:\WINDOWS\System32\ADVAPI32.dll
0x00007ffc136f0000 - 0x00007ffc1378e000 	C:\WINDOWS\System32\msvcrt.dll
0x00007ffc13260000 - 0x00007ffc132fc000 	C:\WINDOWS\System32\sechost.dll
0x00007ffc14110000 - 0x00007ffc14236000 	C:\WINDOWS\System32\RPCRT4.dll
0x00007ffc12ec0000 - 0x00007ffc1305e000 	C:\WINDOWS\System32\USER32.dll
0x00007ffc12300000 - 0x00007ffc12322000 	C:\WINDOWS\System32\win32u.dll
0x00007ffbf8ca0000 - 0x00007ffbf8f3a000 	C:\WINDOWS\WinSxS\amd64_microsoft.windows.common-controls_6595b64144ccf1df_6.0.19041.3570_none_60bb2a3971f3e41a\COMCTL32.dll
0x00007ffc140e0000 - 0x00007ffc1410c000 	C:\WINDOWS\System32\GDI32.dll
0x00007ffc121e0000 - 0x00007ffc122fa000 	C:\WINDOWS\System32\gdi32full.dll
0x00007ffc126c0000 - 0x00007ffc1275d000 	C:\WINDOWS\System32\msvcp_win.dll
0x00007ffc08370000 - 0x00007ffc0837a000 	C:\WINDOWS\SYSTEM32\VERSION.dll
0x00007ffc13790000 - 0x00007ffc137c0000 	C:\WINDOWS\System32\IMM32.DLL
0x000001b7175f0000 - 0x000001b717604000 	C:\WINDOWS\System32\umppc17506.dll
0x00007ffc0d5c0000 - 0x00007ffc0d5cc000 	C:\Program Files\Java\jdk-20\bin\vcruntime140_1.dll
0x00007ffbd2840000 - 0x00007ffbd28ce000 	C:\Program Files\Java\jdk-20\bin\msvcp140.dll
0x00007ffb838a0000 - 0x00007ffb84537000 	C:\Program Files\Java\jdk-20\bin\server\jvm.dll
0x00007ffc0bed0000 - 0x00007ffc0bed9000 	C:\WINDOWS\SYSTEM32\WSOCK32.dll
0x00007ffc14310000 - 0x00007ffc1437b000 	C:\WINDOWS\System32\WS2_32.dll
0x00007ffc01c60000 - 0x00007ffc01c87000 	C:\WINDOWS\SYSTEM32\WINMM.dll
0x00007ffc10860000 - 0x00007ffc10872000 	C:\WINDOWS\SYSTEM32\kernel.appcore.dll
0x00007ffc0aec0000 - 0x00007ffc0aeca000 	C:\Program Files\Java\jdk-20\bin\jimage.dll
0x00007ffc10500000 - 0x00007ffc106e4000 	C:\WINDOWS\SYSTEM32\DBGHELP.DLL
0x00007ffbfdad0000 - 0x00007ffbfdb04000 	C:\WINDOWS\SYSTEM32\dbgcore.DLL
0x00007ffc12630000 - 0x00007ffc126b2000 	C:\WINDOWS\System32\bcryptPrimitives.dll
0x00007ffbf9230000 - 0x00007ffbf9256000 	C:\Program Files\Java\jdk-20\bin\java.dll

dbghelp: loaded successfully - version: 4.0.5 - missing functions: none
symbol engine: initialized successfully - sym options: 0x614 - pdb path: .;C:\Program Files\Java\jdk-20\bin;C:\WINDOWS\SYSTEM32;C:\WINDOWS\WinSxS\amd64_microsoft.windows.common-controls_6595b64144ccf1df_6.0.19041.3570_none_60bb2a3971f3e41a;C:\Program Files\Java\jdk-20\bin\server

VM Arguments:
jvm_args: -Dlog4j2.formatMsgNoLookups=true -Dfile.encoding=UTF-8 -Dstdout.encoding=UTF-8 -Dstderr.encoding=UTF-8 -XX:+ShowCodeDetailsInExceptionMessages 
java_command: test.Modularcode
java_class_path (initial): C:\Users\deshmose\eclipse-workspace\SeleniumFramework\target\test-classes;C:\Users\deshmose\eclipse-workspace\SeleniumFramework\target\classes;C:\Users\deshmose\Downloads\selenium-java-4.15.0\lib\auto-service-annotations-1.1.1.jar;C:\Users\deshmose\Downloads\selenium-java-4.15.0\lib\byte-buddy-1.14.5.jar;C:\Users\deshmose\Downloads\selenium-java-4.15.0\lib\checker-qual-3.33.0.jar;C:\Users\deshmose\Downloads\selenium-java-4.15.0\lib\commons-exec-1.3.jar;C:\Users\deshmose\Downloads\selenium-java-4.15.0\lib\error_prone_annotations-2.18.0.jar;C:\Users\deshmose\Downloads\selenium-java-4.15.0\lib\failsafe-3.3.2.jar;C:\Users\deshmose\Downloads\selenium-java-4.15.0\lib\failureaccess-1.0.1.jar;C:\Users\deshmose\Downloads\selenium-java-4.15.0\lib\guava-32.1.2-jre.jar;C:\Users\deshmose\Downloads\selenium-java-4.15.0\lib\j2objc-annotations-2.8.jar;C:\Users\deshmose\Downloads\selenium-java-4.15.0\lib\jsr305-3.0.2.jar;C:\Users\deshmose\Downloads\selenium-java-4.15.0\lib\listenablefuture-9999.0-empty-to-avoid-conflict-with-guava.jar;C:\Users\deshmose\Downloads\selenium-java-4.15.0\lib\opentelemetry-api-1.28.0.jar;C:\Users\deshmose\Downloads\selenium-java-4.15.0\lib\opentelemetry-api-events-1.28.0-alpha.jar;C:\Users\deshmose\Downloads\selenium-java-4.15.0\lib\opentelemetry-context-1.28.0.jar;C:\Users\deshmose\Downloads\selenium-java-4.15.0\lib\opentelemetry-exporter-logging-1.28.0.jar;C:\Users\deshmose\Downloads\selenium-java-4.15.0\lib\opentelemetry-extension-incubator-1.28.0-alpha.jar;C:\Users\deshmose\Downloads\selenium-java-4.15.0\lib\opentelemetry-sdk-1.28.0.jar;C:\Users\deshmose\Downloads\selenium-java-4.15.0\lib\opentelemetry-sdk-common-1.28.0.jar;C:\Users\deshmose\Downloads\selenium-java-4.15.0\lib\opentelemetry-sdk-extension-autoconfigure-1.28.0.jar;C:\Users\deshmose\Downloads\selenium-java-4.15.0\lib\opentelemetry-sdk-extension-autoconfigure-spi-1.28.0.jar;C:\Users\deshmose\Downloads\selenium-java-4.15.0\lib\opentelemetry-sdk-logs-1.28.0.jar;C:\Users\deshmose\Downloads\selenium-java-4.15.0\lib\opentelemetry-sdk-metrics-1.28.0.jar;C:\Users\deshmose\Downloads\selenium-java-4.15.0\lib\opentelemetry-sdk-trace-1.28.0.jar;C:\Users\deshmose\Downloads\selenium-java-4.15.0\lib\opentelemetry-semconv-1.28.0-alpha.jar;C:\Users\deshmose\Downloads\selenium-java-4.15.0\selenium-api-4.15.0.jar;C:\Users\deshmose\Downloads\selenium-java-4.15.0\selenium-api-4.15.0-sources.jar;C:\Users\deshmose\Downloads\selenium-java-4.15.0\selenium-chrome-driver-4.15.0.jar;C:\Users\deshmose\Downloads\selenium-java-4.15.0\selenium-chrome-driver-4.15.0-sources.jar;C:\Users\deshmose\Downloads\selenium-java-4.15.0\selenium-chromium-driver-4.15.0.jar;C:\Users\deshmose\Downloads\selenium-java-4.15.0\selenium-chromium-driver-4.15.0-sources.jar;C:\Users\deshmose\Downloads\selenium-java-4.15.0\selenium-devtools-v85-4.15.0.jar;C:\Users\deshmose\Downloads\selenium-java-4.15.0\selenium-devtools-v85-4.15.0-sources.jar;C:\Users\deshmose\Downloads\selenium-java-4.15.0\selenium-devtools-v117-4.15.0.jar;C:\Users\deshmose\Downloads\selenium-java-4.15.0\selenium-devtools-v117-4.15.0-sources.jar;C:\Users\deshmose\Downloads\selenium-java-4.15.0\selenium-devtools-v118-4.15.0.jar;C:\Users\deshmose\Downloads\selenium-java-4.15.0\selenium-devtools-v118-4.15.0-sources.jar;C:\Users\deshmose\Downloads\selenium-java-4.15.0\selenium-devtools-v119-4.15.0.jar;C:\Users\deshmose\Downloads\selenium-java-4.15.0\selenium-devtools-v119-4.15.0-sources.jar;C:\Users\deshmose\Downloads\selenium-java-4.15.0\selenium-edge-driver-4.15.0.jar;C:\Users\deshmose\Downloads\selenium-java-4.15.0\selenium-edge-driver-4.15.0-sources.jar;C:\Users\deshmose\Downloads\selenium-java-4.15.0\selenium-firefox-driver-4.15.0.jar;C:\Users\deshmose\Downloads\selenium-java-4.15.0\selenium-firefox-driver-4.15.0-sources.jar;C:\Users\deshmose\Downloads\selenium-java-4.15.0\selenium-http-4.15.0.jar;C:\Users\deshmose\Downloads\selenium-java-4.15.0\selenium-http-4.15.0-sources.jar;C:\Users\deshmose\Downloads\selenium-java-4.15.0\selenium-ie-driver-4.15.0.jar;C:\Users\deshmose\Downloads\selenium-java-4.15.0\selenium-ie-driver-4.15.0-sources.jar;C:\Users\deshmose\Downloads\selenium-java-4.15.0\selenium-java-4.15.0.jar;C:\Users\deshmose\Downloads\selenium-java-4.15.0\selenium-java-4.15.0-sources.jar;C:\Users\deshmose\Downloads\selenium-java-4.15.0\selenium-json-4.15.0.jar;C:\Users\deshmose\Downloads\selenium-java-4.15.0\selenium-json-4.15.0-sources.jar;C:\Users\deshmose\Downloads\selenium-java-4.15.0\selenium-manager-4.15.0.jar;C:\Users\deshmose\Downloads\selenium-java-4.15.0\selenium-manager-4.15.0-sources.jar;C:\Users\deshmose\Downloads\selenium-java-4.15.0\selenium-os-4.15.0.jar;C:\Users\deshmose\Downloads\selenium-java-4.15.0\selenium-os-4.15.0-sources.jar;C:\Users\deshmose\Downloads\selenium-java-4.15.0\selenium-remote-driver-4.15.0.jar;C:\Users\deshmose\Downloads\selenium-java-4.15.0\selenium-remote-driver-4.15.0-sources.jar;C:\Users\deshmose\Downloads\selenium-java-4.15.0\selenium-safari-driver-4.15.0.jar;C:\Users\deshmose\Downloads\selenium-java-4.15.0\selenium-safari-driver-4.15.0-sources.jar;C:\Users\deshmose\Downloads\selenium-java-4.15.0\selenium-support-4.15.0.jar;C:\Users\deshmose\Downloads\selenium-java-4.15.0\selenium-support-4.15.0-sources.jar;C:\Users\deshmose\.m2\repository\org\seleniumhq\selenium\selenium-api\4.15.0\selenium-api-4.15.0.jar;C:\Users\deshmose\Downloads\webdrivermanager-5.6.2.jar;C:\Users\deshmose\.m2\repository\org\seleniumhq\selenium\selenium-java\4.15.0\selenium-java-4.15.0.jar;C:\Users\deshmose\.m2\repository\org\seleniumhq\selenium\selenium-chrome-driver\4.15.0\selenium-chrome-driver-4.15.0.jar;C:\Users\deshmose\.m2\repository\com\google\auto\service\auto-service-annotations\1.1.1\auto-service-annotations-1.1.1.jar;C:\Users\deshmose\.m2\repository\org\seleniumhq\selenium\selenium-chromium-driver\4.15.0\selenium-chromium-driver-4.15.0.jar;C:\Users\deshmose\.m2\repository\org\seleniumhq\selenium\selenium-json\4.15.0\selenium-json-4.15.0.jar;C:\Users\deshmose\.m2\repository\org\seleniumhq\selenium\selenium-manager\4.15.0\selenium-manager-4.15.0.jar;C:\Users\deshmose\.m2\repository\org\seleniumhq\selenium\selenium-devtools-v117\4.15.0\selenium-devtools-v117-4.15.0.jar;C:\Users\deshmose\.m2\repository\org\seleniumhq\selenium\selenium-devtools-v118\4.15.0\selenium-devtools-v118-4.15.0.jar;C:\Users\deshmose\.m2\repository\org\seleniumhq\selenium\selenium-devtools-v119\4.15.0\selenium-devtools-v119-4.15.0.jar;C:\Users\deshmose\.m2\repository\org\seleniumhq\selenium\selenium-devtools-v85\4.15.0\selenium-devtools-v85-4.15.0.jar;C:\Users\deshmose\.m2\repository\org\seleniumhq\selenium\selenium-edge-driver\4.15.0\selenium-edge-driver-4.15.0.jar;C:\Users\deshmose\.m2\repository\org\seleniumhq\selenium\selenium-firefox-driver\4.15.0\selenium-firefox-driver-4.15.0.jar;C:\Users\deshmose\.m2\repository\org\seleniumhq\selenium\selenium-http\4.15.0\selenium-http-4.15.0.jar;C:\Users\deshmose\.m2\repository\dev\failsafe\failsafe\3.3.2\failsafe-3.3.2.jar;C:\Users\deshmose\.m2\repository\org\seleniumhq\selenium\selenium-ie-driver\4.15.0\selenium-ie-driver-4.15.0.jar;C:\Users\deshmose\.m2\repository\org\seleniumhq\selenium\selenium-remote-driver\4.15.0\selenium-remote-driver-4.15.0.jar;C:\Users\deshmose\.m2\repository\com\google\guava\guava\32.1.2-jre\guava-32.1.2-jre.jar;C:\Users\deshmose\.m2\repository\com\google\guava\failureaccess\1.0.1\failureaccess-1.0.1.jar;C:\Users\deshmose\.m2\repository\com\google\guava\listenablefuture\9999.0-empty-to-avoid-conflict-with-guava\listenablefuture-9999.0-empty-to-avoid-conflict-with-guava.jar;C:\Users\deshmose\.m2\repository\com\google\code\findbugs\jsr305\3.0.2\jsr305-3.0.2.jar;C:\Users\deshmose\.m2\repository\org\checkerframework\checker-qual\3.33.0\checker-qual-3.33.0.jar;C:\Users\deshmose\.m2\repository\com\google\errorprone\error_prone_annotations\2.18.0\error_prone_annotations-2.18.0.jar;C:\Users\deshmose\.m2\repository\com\google\j2objc\j2objc-annotations\2.8\j2objc-annotations-2.8.jar;C:\Users\deshmose\.m2\repository\io\opentelemetry\opentelemetry-api\1.28.0\opentelemetry-api-1.28.0.jar;C:\Users\deshmose\.m2\repository\io\opentelemetry\opentelemetry-context\1.28.0\opentelemetry-context-1.28.0.jar;C:\Users\deshmose\.m2\repository\io\opentelemetry\opentelemetry-exporter-logging\1.28.0\opentelemetry-exporter-logging-1.28.0.jar;C:\Users\deshmose\.m2\repository\io\opentelemetry\opentelemetry-sdk-metrics\1.28.0\opentelemetry-sdk-metrics-1.28.0.jar;C:\Users\deshmose\.m2\repository\io\opentelemetry\opentelemetry-extension-incubator\1.28.0-alpha\opentelemetry-extension-incubator-1.28.0-alpha.jar;C:\Users\deshmose\.m2\repository\io\opentelemetry\opentelemetry-sdk-logs\1.28.0\opentelemetry-sdk-logs-1.28.0.jar;C:\Users\deshmose\.m2\repository\io\opentelemetry\opentelemetry-sdk-common\1.28.0\opentelemetry-sdk-common-1.28.0.jar;C:\Users\deshmose\.m2\repository\io\opentelemetry\opentelemetry-sdk-extension-autoconfigure-spi\1.28.0\opentelemetry-sdk-extension-autoconfigure-spi-1.28.0.jar;C:\Users\deshmose\.m2\repository\io\opentelemetry\opentelemetry-sdk-extension-autoconfigure\1.28.0\opentelemetry-sdk-extension-autoconfigure-1.28.0.jar;C:\Users\deshmose\.m2\repository\io\opentelemetry\opentelemetry-api-events\1.28.0-alpha\opentelemetry-api-events-1.28.0-alpha.jar;C:\Users\deshmose\.m2\repository\io\opentelemetry\opentelemetry-sdk-trace\1.28.0\opentelemetry-sdk-trace-1.28.0.jar;C:\Users\deshmose\.m2\repository\io\opentelemetry\opentelemetry-sdk\1.28.0\opentelemetry-sdk-1.28.0.jar;C:\Users\deshmose\.m2\repository\io\opentelemetry\opentelemetry-semconv\1.28.0-alpha\opentelemetry-semconv-1.28.0-alpha.jar;C:\Users\deshmose\.m2\repository\net\bytebuddy\byte-buddy\1.14.5\byte-buddy-1.14.5.jar;C:\Users\deshmose\.m2\repository\org\seleniumhq\selenium\selenium-os\4.15.0\selenium-os-4.15.0.jar;C:\Users\deshmose\.m2\repository\org\apache\commons\commons-exec\1.3\commons-exec-1.3.jar;C:\Users\deshmose\.m2\repository\org\seleniumhq\selenium\selenium-safari-driver\4.15.0\selenium-safari-driver-4.15.0.jar;C:\Users\deshmose\.m2\repository\org\seleniumhq\selenium\selenium-support\4.15.0\selenium-support-4.15.0.jar;C:\Users\deshmose\.m2\repository\io\github\bonigarcia\webdrivermanager\5.6.2\webdrivermanager-5.6.2.jar;C:\Users\deshmose\.m2\repository\org\slf4j\slf4j-api\2.0.9\slf4j-api-2.0.9.jar;C:\Users\deshmose\.m2\repository\com\google\code\gson\gson\2.10.1\gson-2.10.1.jar;C:\Users\deshmose\.m2\repository\com\github\docker-java\docker-java\3.3.4\docker-java-3.3.4.jar;C:\Users\deshmose\.m2\repository\com\github\docker-java\docker-java-core\3.3.4\docker-java-core-3.3.4.jar;C:\Users\deshmose\.m2\repository\com\github\docker-java\docker-java-api\3.3.4\docker-java-api-3.3.4.jar;C:\Users\deshmose\.m2\repository\com\fasterxml\jackson\core\jackson-annotations\2.10.3\jackson-annotations-2.10.3.jar;C:\Users\deshmose\.m2\repository\commons-io\commons-io\2.13.0\commons-io-2.13.0.jar;C:\Users\deshmose\.m2\repository\com\fasterxml\jackson\core\jackson-databind\2.10.3\jackson-databind-2.10.3.jar;C:\Users\deshmose\.m2\repository\com\fasterxml\jackson\core\jackson-core\2.10.3\jackson-core-2.10.3.jar;C:\Users\deshmose\.m2\repository\org\bouncycastle\bcpkix-jdk18on\1.76\bcpkix-jdk18on-1.76.jar;C:\Users\deshmose\.m2\repository\org\bouncycastle\bcprov-jdk18on\1.76\bcprov-jdk18on-1.76.jar;C:\Users\deshmose\.m2\repository\org\bouncycastle\bcutil-jdk18on\1.76\bcutil-jdk18on-1.76.jar;C:\Users\deshmose\.m2\repository\org\slf4j\jcl-over-slf4j\1.7.30\jcl-over-slf4j-1.7.30.jar;C:\Users\deshmose\.m2\repository\com\github\docker-java\docker-java-transport-httpclient5\3.3.4\docker-java-transport-httpclient5-3.3.4.jar;C:\Users\deshmose\.m2\repository\com\github\docker-java\docker-java-transport\3.3.4\docker-java-transport-3.3.4.jar;C:\Users\deshmose\.m2\repository\net\java\dev\jna\jna\5.13.0\jna-5.13.0.jar;C:\Users\deshmose\.m2\repository\org\brotli\dec\0.1.2\dec-0.1.2.jar;C:\Users\deshmose\.m2\repository\org\apache\commons\commons-lang3\3.13.0\commons-lang3-3.13.0.jar;C:\Users\deshmose\.m2\repository\org\apache\commons\commons-compress\1.24.0\commons-compress-1.24.0.jar;C:\Users\deshmose\.m2\repository\org\apache\httpcomponents\client5\httpclient5\5.2.1\httpclient5-5.2.1.jar;C:\Users\deshmose\.m2\repository\org\apache\httpcomponents\core5\httpcore5\5.2\httpcore5-5.2.jar;C:\Users\deshmose\.m2\repository\org\apache\httpcomponents\core5\httpcore5-h2\5.2\httpcore5-h2-5.2.jar
Launcher Type: SUN_STANDARD

[Global flags]
     intx CICompilerCount                          = 4                                         {product} {ergonomic}
     uint ConcGCThreads                            = 2                                         {product} {ergonomic}
     uint G1ConcRefinementThreads                  = 8                                         {product} {ergonomic}
   size_t G1HeapRegionSize                         = 2097152                                   {product} {ergonomic}
    uintx GCDrainStackTargetSize                   = 64                                        {product} {ergonomic}
   size_t InitialHeapSize                          = 266338304                                 {product} {ergonomic}
   size_t MarkStackSize                            = 4194304                                   {product} {ergonomic}
   size_t MaxHeapSize                              = 4236247040                                {product} {ergonomic}
   size_t MinHeapDeltaBytes                        = 2097152                                   {product} {ergonomic}
   size_t MinHeapSize                              = 8388608                                   {product} {ergonomic}
    uintx NonNMethodCodeHeapSize                   = 5839372                                {pd product} {ergonomic}
    uintx NonProfiledCodeHeapSize                  = 122909434                              {pd product} {ergonomic}
    uintx ProfiledCodeHeapSize                     = 122909434                              {pd product} {ergonomic}
    uintx ReservedCodeCacheSize                    = 251658240                              {pd product} {ergonomic}
     bool SegmentedCodeCache                       = true                                      {product} {ergonomic}
     bool ShowCodeDetailsInExceptionMessages       = true                                   {manageable} {command line}
   size_t SoftMaxHeapSize                          = 4236247040                             {manageable} {ergonomic}
     bool UseCompressedClassPointers               = true                           {product lp64_product} {ergonomic}
     bool UseCompressedOops                        = true                           {product lp64_product} {ergonomic}
     bool UseG1GC                                  = true                                      {product} {ergonomic}
     bool UseLargePagesIndividualAllocation        = false                                  {pd product} {ergonomic}

Logging:
Log output configuration:
 #0: stdout all=warning uptime,level,tags foldmultilines=false
 #1: stderr all=off uptime,level,tags foldmultilines=false

Environment Variables:
JAVA_TOOL_OPTIONS=-Dlog4j2.formatMsgNoLookups=true
PATH=C:\Program Files\Common Files\Oracle\Java\javapath;C:\Program Files (x86)\Common Files\Oracle\Java\javapath;C:\Program Files\itacsvc;C:\WINDOWS\system32;C:\WINDOWS;C:\WINDOWS\System32\Wbem;C:\WINDOWS\System32\WindowsPowerShell\v1.0\;C:\WINDOWS\System32\OpenSSH\;C:\Program Files\PuTTY\;C:\Program Files (x86)\ACMEGuardian\;C:\Program Files\Amazon\AWSCLIV2\;C:\Program Files\nodejs\;C:\Program Files (x86)\Quarantine\;C:\Users\deshmose\Downloads\apache-maven-3.9.5-bin\apache-maven-3.9.5\bin;C:\Users\deshmose\AppData\Local\Microsoft\WindowsApps;C:\Users\deshmose\AppData\Local\Programs\Git\cmd;C:\Program Files\nodejs;C:\Users\deshmose\AppData\Local\Programs\Microsoft VS Code\bin;C:\Program Files\MongoDB\Server\7.0\bin;C:\Users\deshmose\Downloads\apache-maven-3.9.5-bin\apache-maven-3.9.5\bin;
USERNAME=deshmose
OS=Windows_NT
PROCESSOR_IDENTIFIER=Intel64 Family 6 Model 142 Stepping 12, GenuineIntel
TMP=C:\Users\deshmose\AppData\Local\Temp
TEMP=C:\Users\deshmose\AppData\Local\Temp




---------------  S Y S T E M  ---------------

OS:
 Windows 10 , 64 bit Build 19041 (10.0.19041.3570)
OS uptime: 6 days 22:19 hours

CPU: total 8 (initial active 8) (4 cores per cpu, 2 threads per core) family 6 model 142 stepping 12 microcode 0xea, cx8, cmov, fxsr, ht, mmx, 3dnowpref, sse, sse2, sse3, ssse3, sse4.1, sse4.2, popcnt, lzcnt, tsc, tscinvbit, avx, avx2, aes, erms, clmul, bmi1, bmi2, adx, fma, vzeroupper, clflush, clflushopt, rdtscp, f16c

Memory: 4k page, system-wide physical 16157M (4408M free)
TotalPageFile size 46473M (AvailPageFile size 53M)
current process WorkingSet (physical memory assigned to process): 10M, peak: 10M
current process commit charge ("private bytes"): 60M, peak: 314M

vm_info: Java HotSpot(TM) 64-Bit Server VM (20.0.1+9-29) for windows-amd64 JRE (20.0.1+9-29), built on 2023-03-07T13:56:11Z by "mach5one" with MS VC++ 17.1 (VS2022)

END.
